E:\CAN\repos-D\LearnFileUploading\CodeMazeAngular\AngularClient\AngularFileUpload\dist\out-tsc\e2e\src\app.po.js
E:\CAN\repos-D\LearnFileUploading\CodeMazeAngular\AngularClient\AngularFileUpload\dist\out-tsc\e2e\src\app.po.js.map
E:\CAN\repos-D\LearnFileUploading\CodeMazeAngular\AngularClient\AngularFileUpload\dist\out-tsc\e2e\src\app.e2e-spec.js
E:\CAN\repos-D\LearnFileUploading\CodeMazeAngular\AngularClient\AngularFileUpload\dist\out-tsc\e2e\src\app.e2e-spec.js.map
E:\CAN\repos-D\LearnFileUploading\CodeMazeAngular\AngularClient\AngularFileUpload\dist\out-tsc\src\app\app-routing.module.js
E:\CAN\repos-D\LearnFileUploading\CodeMazeAngular\AngularClient\AngularFileUpload\dist\out-tsc\src\app\app-routing.module.js.map
E:\CAN\repos-D\LearnFileUploading\CodeMazeAngular\AngularClient\AngularFileUpload\dist\out-tsc\src\app\_service\file.service.js
E:\CAN\repos-D\LearnFileUploading\CodeMazeAngular\AngularClient\AngularFileUpload\dist\out-tsc\src\app\_service\file.service.js.map
E:\CAN\repos-D\LearnFileUploading\CodeMazeAngular\AngularClient\AngularFileUpload\dist\out-tsc\src\app\app.component.js
E:\CAN\repos-D\LearnFileUploading\CodeMazeAngular\AngularClient\AngularFileUpload\dist\out-tsc\src\app\app.component.js.map
E:\CAN\repos-D\LearnFileUploading\CodeMazeAngular\AngularClient\AngularFileUpload\dist\out-tsc\src\app\upload\upload.component.js
E:\CAN\repos-D\LearnFileUploading\CodeMazeAngular\AngularClient\AngularFileUpload\dist\out-tsc\src\app\upload\upload.component.js.map
E:\CAN\repos-D\LearnFileUploading\CodeMazeAngular\AngularClient\AngularFileUpload\dist\out-tsc\src\app\download\download.component.js
E:\CAN\repos-D\LearnFileUploading\CodeMazeAngular\AngularClient\AngularFileUpload\dist\out-tsc\src\app\download\download.component.js.map
E:\CAN\repos-D\LearnFileUploading\CodeMazeAngular\AngularClient\AngularFileUpload\dist\out-tsc\src\app\app.module.js
E:\CAN\repos-D\LearnFileUploading\CodeMazeAngular\AngularClient\AngularFileUpload\dist\out-tsc\src\app\app.module.js.map
E:\CAN\repos-D\LearnFileUploading\CodeMazeAngular\AngularClient\AngularFileUpload\dist\out-tsc\src\environments\environment.js
E:\CAN\repos-D\LearnFileUploading\CodeMazeAngular\AngularClient\AngularFileUpload\dist\out-tsc\src\environments\environment.js.map
E:\CAN\repos-D\LearnFileUploading\CodeMazeAngular\AngularClient\AngularFileUpload\dist\out-tsc\src\main.js
E:\CAN\repos-D\LearnFileUploading\CodeMazeAngular\AngularClient\AngularFileUpload\dist\out-tsc\src\main.js.map
E:\CAN\repos-D\LearnFileUploading\CodeMazeAngular\AngularClient\AngularFileUpload\dist\out-tsc\src\polyfills.js
E:\CAN\repos-D\LearnFileUploading\CodeMazeAngular\AngularClient\AngularFileUpload\dist\out-tsc\src\polyfills.js.map
E:\CAN\repos-D\LearnFileUploading\CodeMazeAngular\AngularClient\AngularFileUpload\dist\out-tsc\src\test.js
E:\CAN\repos-D\LearnFileUploading\CodeMazeAngular\AngularClient\AngularFileUpload\dist\out-tsc\src\test.js.map
E:\CAN\repos-D\LearnFileUploading\CodeMazeAngular\AngularClient\AngularFileUpload\dist\out-tsc\src\app\app.component.spec.js
E:\CAN\repos-D\LearnFileUploading\CodeMazeAngular\AngularClient\AngularFileUpload\dist\out-tsc\src\app\app.component.spec.js.map
E:\CAN\repos-D\LearnFileUploading\CodeMazeAngular\AngularClient\AngularFileUpload\dist\out-tsc\src\app\upload\upload.component.spec.js
E:\CAN\repos-D\LearnFileUploading\CodeMazeAngular\AngularClient\AngularFileUpload\dist\out-tsc\src\app\upload\upload.component.spec.js.map
E:\CAN\repos-D\LearnFileUploading\CodeMazeAngular\AngularClient\AngularFileUpload\dist\out-tsc\src\environments\environment.prod.js
E:\CAN\repos-D\LearnFileUploading\CodeMazeAngular\AngularClient\AngularFileUpload\dist\out-tsc\src\environments\environment.prod.js.map
